{"/home/dmitriy/Документы/frontend-project-lvl2/src/index.js": {"path":"/home/dmitriy/Документы/frontend-project-lvl2/src/index.js","statementMap":{"0":{"start":{"line":5,"column":16},"end":{"line":10,"column":1}},"1":{"start":{"line":6,"column":19},"end":{"line":6,"column":39}},"2":{"start":{"line":7,"column":15},"end":{"line":7,"column":62}},"3":{"start":{"line":8,"column":17},"end":{"line":8,"column":33}},"4":{"start":{"line":9,"column":2},"end":{"line":9,"column":16}},"5":{"start":{"line":12,"column":19},"end":{"line":30,"column":1}},"6":{"start":{"line":13,"column":15},"end":{"line":13,"column":60}},"7":{"start":{"line":14,"column":19},"end":{"line":14,"column":37}},"8":{"start":{"line":15,"column":22},"end":{"line":28,"column":3}},"9":{"start":{"line":16,"column":19},"end":{"line":16,"column":29}},"10":{"start":{"line":17,"column":19},"end":{"line":17,"column":29}},"11":{"start":{"line":18,"column":4},"end":{"line":20,"column":5}},"12":{"start":{"line":19,"column":6},"end":{"line":19,"column":47}},"13":{"start":{"line":21,"column":4},"end":{"line":23,"column":5}},"14":{"start":{"line":22,"column":6},"end":{"line":22,"column":47}},"15":{"start":{"line":24,"column":4},"end":{"line":26,"column":5}},"16":{"start":{"line":25,"column":6},"end":{"line":25,"column":72}},"17":{"start":{"line":27,"column":4},"end":{"line":27,"column":45}},"18":{"start":{"line":29,"column":2},"end":{"line":29,"column":42}},"19":{"start":{"line":32,"column":16},"end":{"line":37,"column":1}},"20":{"start":{"line":33,"column":16},"end":{"line":33,"column":36}},"21":{"start":{"line":34,"column":16},"end":{"line":34,"column":37}},"22":{"start":{"line":35,"column":22},"end":{"line":35,"column":58}},"23":{"start":{"line":36,"column":2},"end":{"line":36,"column":33}}},"fnMap":{"0":{"name":"(anonymous_0)","decl":{"start":{"line":5,"column":16},"end":{"line":5,"column":17}},"loc":{"start":{"line":5,"column":28},"end":{"line":10,"column":1}},"line":5},"1":{"name":"(anonymous_1)","decl":{"start":{"line":12,"column":19},"end":{"line":12,"column":20}},"loc":{"start":{"line":12,"column":37},"end":{"line":30,"column":1}},"line":12},"2":{"name":"(anonymous_2)","decl":{"start":{"line":15,"column":22},"end":{"line":15,"column":23}},"loc":{"start":{"line":15,"column":36},"end":{"line":28,"column":3}},"line":15},"3":{"name":"(anonymous_3)","decl":{"start":{"line":32,"column":16},"end":{"line":32,"column":17}},"loc":{"start":{"line":32,"column":47},"end":{"line":37,"column":1}},"line":32}},"branchMap":{"0":{"loc":{"start":{"line":18,"column":4},"end":{"line":20,"column":5}},"type":"if","locations":[{"start":{"line":18,"column":4},"end":{"line":20,"column":5}},{"start":{"line":18,"column":4},"end":{"line":20,"column":5}}],"line":18},"1":{"loc":{"start":{"line":18,"column":8},"end":{"line":18,"column":43}},"type":"binary-expr","locations":[{"start":{"line":18,"column":8},"end":{"line":18,"column":24}},{"start":{"line":18,"column":28},"end":{"line":18,"column":43}}],"line":18},"2":{"loc":{"start":{"line":21,"column":4},"end":{"line":23,"column":5}},"type":"if","locations":[{"start":{"line":21,"column":4},"end":{"line":23,"column":5}},{"start":{"line":21,"column":4},"end":{"line":23,"column":5}}],"line":21},"3":{"loc":{"start":{"line":21,"column":8},"end":{"line":21,"column":43}},"type":"binary-expr","locations":[{"start":{"line":21,"column":8},"end":{"line":21,"column":23}},{"start":{"line":21,"column":27},"end":{"line":21,"column":43}}],"line":21},"4":{"loc":{"start":{"line":24,"column":4},"end":{"line":26,"column":5}},"type":"if","locations":[{"start":{"line":24,"column":4},"end":{"line":26,"column":5}},{"start":{"line":24,"column":4},"end":{"line":26,"column":5}}],"line":24}},"s":{"0":1,"1":2,"2":2,"3":2,"4":2,"5":1,"6":1,"7":1,"8":1,"9":5,"10":5,"11":5,"12":1,"13":4,"14":2,"15":2,"16":1,"17":1,"18":1,"19":1,"20":1,"21":1,"22":1,"23":1},"f":{"0":2,"1":1,"2":5,"3":1},"b":{"0":[1,4],"1":[5,1],"2":[2,2],"3":[4,4],"4":[1,1]},"_coverageSchema":"1a1c01bbd47fc00a2c39e90264f33305004495a9","hash":"e58e2b639e465daeb5ebe64a2ca84af3af2c7415"}
}
